
Showing logs for build [32mmeta-cb-kubecd-environment-pr-5-gxvqd-1[0m stage [32mmeta-pipeline[0m and container [32mstep-credential-initializer-wft7s[0m
{"level":"warn","ts":1568127835.0921721,"logger":"fallback-logger","caller":"logging/config.go:69","msg":"Fetch GitHub commit ID from kodata failed: \"ref: refs/heads/master\" is not a valid GitHub commit ID"}
{"level":"info","ts":1568127835.0930696,"logger":"fallback-logger","caller":"creds-init/main.go:40","msg":"Credentials initialized."}

Showing logs for build [32mmeta-cb-kubecd-environment-pr-5-gxvqd-1[0m stage [32mmeta-pipeline[0m and container [32mstep-working-dir-initializer-npl4f[0m
{"level":"warn","ts":1568127836.070619,"logger":"fallback-logger","caller":"logging/config.go:69","msg":"Fetch GitHub commit ID from kodata failed: open /var/run/ko/HEAD: no such file or directory"}
{"level":"info","ts":1568127836.0722005,"logger":"fallback-logger","caller":"bash/main.go:65","msg":"Successfully executed command \"mkdir -p /workspace/source\""}

Showing logs for build [32mmeta-cb-kubecd-environment-pr-5-gxvqd-1[0m stage [32mmeta-pipeline[0m and container [32mstep-place-tools[0m

Showing logs for build [32mmeta-cb-kubecd-environment-pr-5-gxvqd-1[0m stage [32mmeta-pipeline[0m and container [32mstep-git-source-meta-cb-kubecd-environment-pr-5-mdkvf[0m
{"level":"warn","ts":1568127842.14744,"logger":"fallback-logger","caller":"logging/config.go:69","msg":"Fetch GitHub commit ID from kodata failed: \"ref: refs/heads/master\" is not a valid GitHub commit ID"}
{"level":"info","ts":1568127843.2172883,"logger":"fallback-logger","caller":"git/git.go:102","msg":"Successfully cloned https://github.com/cb-kubecd/environment-pr-5411-20-tekton-gkebdd-production.git @ bf84b0191ceb7fc9b8dad251163b3597a6a5fb15 in path /workspace/source"}

Showing logs for build [32mmeta-cb-kubecd-environment-pr-5-gxvqd-1[0m stage [32mmeta-pipeline[0m and container [32mstep-git-merge[0m
Using SHAs from PULL_REFS=master:bf84b0191ceb7fc9b8dad251163b3597a6a5fb15,1:cbed65d8db8711c3faada1860a4acfd75c78ad5a
DEBUG: ran git fetch --unshallow origin cbed65d8db8711c3faada1860a4acfd75c78ad5a: bf84b0191ceb7fc9b8dad251163b3597a6a5fb15: in 
DEBUG: ran git checkout master in 
DEBUG: ran git reset --hard bf84b0191ceb7fc9b8dad251163b3597a6a5fb15 in 
DEBUG: ran clean --force -d . in 
DEBUG: ran git merge cbed65d8db8711c3faada1860a4acfd75c78ad5a in 
Merged SHA cbed65d8db8711c3faada1860a4acfd75c78ad5a with commit message 'chore: Promote bdd-spring-1568127163 to version 0.0.1' into base branch master

Showing logs for build [32mmeta-cb-kubecd-environment-pr-5-gxvqd-1[0m stage [32mmeta-pipeline[0m and container [32mstep-merge-pull-refs[0m
DEBUG: ran git fetch origin cbed65d8db8711c3faada1860a4acfd75c78ad5a: bf84b0191ceb7fc9b8dad251163b3597a6a5fb15: in 
DEBUG: Unshallowed git repo in 
DEBUG: ran git checkout master in 
DEBUG: ran git reset --hard bf84b0191ceb7fc9b8dad251163b3597a6a5fb15 in 
DEBUG: ran clean --force -d . in 
DEBUG: ran git merge cbed65d8db8711c3faada1860a4acfd75c78ad5a in 
Merged SHA cbed65d8db8711c3faada1860a4acfd75c78ad5a with commit message 'chore: Promote bdd-spring-1568127163 to version 0.0.1' into base branch master

Showing logs for build [32mmeta-cb-kubecd-environment-pr-5-gxvqd-1[0m stage [32mmeta-pipeline[0m and container [32mstep-create-effective-pipeline[0m
Deleting and cloning the Jenkins X versions repo
Cloning the Jenkins X versions repo https://github.com/jenkins-x/jenkins-x-versions.git with ref refs/heads/master to /builder/home/.**/jenkins-x-versions
selected pack: /builder/home/.**/draft/packs/github.com/jenkins-x-buildpacks/jenkins-x-kubernetes/packs/environment
Effective pipeline written to jenkins-x-promotion-build-effective.yml

Showing logs for build [32mmeta-cb-kubecd-environment-pr-5-gxvqd-1[0m stage [32mmeta-pipeline[0m and container [32mstep-create-tekton-crds[0m
PipelineActivity for cb-kubecd-environment-pr-5411-20-tekton-gkebdd-production-PR-1-1
Applying changes 
upserted PipelineResource cb-kubecd-environment-pr-5411-2 for the git repository https://github.com/cb-kubecd/environment-pr-5411-20-tekton-gkebdd-production.git
upserted Task cb-kubecd-environment-pr-5411-2-5q4vm-from-build-pack-1
upserted Pipeline cb-kubecd-environment-pr-5411-2-5q4vm-1
created PipelineRun cb-kubecd-environment-pr-5411-2-5q4vm-1
created PipelineStructure cb-kubecd-environment-pr-5411-2-5q4vm-1

waiting for stage [32mfrom-build-pack[0m : container [32mstep-credential-initializer-xbhhc[0m to start...


Showing logs for build [32mmeta-cb-kubecd-environment-pr-5-gxvqd-1[0m stage [32mfrom-build-pack[0m and container [32mstep-credential-initializer-xbhhc[0m
{"level":"warn","ts":1568127857.090836,"logger":"fallback-logger","caller":"logging/config.go:69","msg":"Fetch GitHub commit ID from kodata failed: \"ref: refs/heads/master\" is not a valid GitHub commit ID"}
{"level":"info","ts":1568127857.0914764,"logger":"fallback-logger","caller":"creds-init/main.go:40","msg":"Credentials initialized."}

waiting for stage [32mfrom-build-pack[0m : container [32mstep-working-dir-initializer-95dbw[0m to start...


Showing logs for build [32mmeta-cb-kubecd-environment-pr-5-gxvqd-1[0m stage [32mfrom-build-pack[0m and container [32mstep-working-dir-initializer-95dbw[0m
{"level":"warn","ts":1568127858.5184996,"logger":"fallback-logger","caller":"logging/config.go:69","msg":"Fetch GitHub commit ID from kodata failed: open /var/run/ko/HEAD: no such file or directory"}
{"level":"info","ts":1568127858.520195,"logger":"fallback-logger","caller":"bash/main.go:65","msg":"Successfully executed command \"mkdir -p /workspace/source /workspace/source/env\""}

waiting for stage [32mfrom-build-pack[0m : container [32mstep-place-tools[0m to start...


Showing logs for build [32mmeta-cb-kubecd-environment-pr-5-gxvqd-1[0m stage [32mfrom-build-pack[0m and container [32mstep-place-tools[0m

waiting for stage [32mfrom-build-pack[0m : container [32mstep-git-source-cb-kubecd-environment-pr-5411-2-n7fdd[0m to start...


Showing logs for build [32mmeta-cb-kubecd-environment-pr-5-gxvqd-1[0m stage [32mfrom-build-pack[0m and container [32mstep-git-source-cb-kubecd-environment-pr-5411-2-n7fdd[0m
{"level":"warn","ts":1568127863.639144,"logger":"fallback-logger","caller":"logging/config.go:69","msg":"Fetch GitHub commit ID from kodata failed: \"ref: refs/heads/master\" is not a valid GitHub commit ID"}
{"level":"info","ts":1568127864.696716,"logger":"fallback-logger","caller":"git/git.go:102","msg":"Successfully cloned https://github.com/cb-kubecd/environment-pr-5411-20-tekton-gkebdd-production.git @ master in path /workspace/source"}

waiting for stage [32mfrom-build-pack[0m : container [32mstep-git-merge[0m to start...


Showing logs for build [32mmeta-cb-kubecd-environment-pr-5-gxvqd-1[0m stage [32mfrom-build-pack[0m and container [32mstep-git-merge[0m
Using SHAs from PULL_REFS=master:bf84b0191ceb7fc9b8dad251163b3597a6a5fb15,1:cbed65d8db8711c3faada1860a4acfd75c78ad5a
DEBUG: ran git fetch origin cbed65d8db8711c3faada1860a4acfd75c78ad5a: bf84b0191ceb7fc9b8dad251163b3597a6a5fb15: in 
DEBUG: Unshallowed git repo in 
DEBUG: ran git checkout master in 
DEBUG: ran git reset --hard bf84b0191ceb7fc9b8dad251163b3597a6a5fb15 in 
DEBUG: ran clean --force -d . in 
DEBUG: ran git merge cbed65d8db8711c3faada1860a4acfd75c78ad5a in 
Merged SHA cbed65d8db8711c3faada1860a4acfd75c78ad5a with commit message 'chore: Promote bdd-spring-1568127163 to version 0.0.1' into base branch master

waiting for stage [32mfrom-build-pack[0m : container [32mstep-build-helm-build[0m to start...


Showing logs for build [32mmeta-cb-kubecd-environment-pr-5-gxvqd-1[0m stage [32mfrom-build-pack[0m and container [32mstep-build-helm-build[0m
WARNING: No $CHART_REPOSITORY defined so using the default value of: http://jenkins-x-chartmuseum:8080
Adding missing Helm repo: storage.googleapis.com https://storage.googleapis.com/chartmuseum.jenkins-x.io
Successfully added Helm repository storage.googleapis.com.
Adding missing Helm repo: jenkins-x-chartmuseum http://jenkins-x-chartmuseum:8080
Successfully added Helm repository jenkins-x-chartmuseum.
WARNING: No $CHART_REPOSITORY defined so using the default value of: http://jenkins-x-chartmuseum:8080
Adding missing Helm repo: chartmuseum.jenkins-x.io http://chartmuseum.jenkins-x.io
Successfully added Helm repository chartmuseum.jenkins-x.io.
